  SolarSystem.c
C:\Users\olivi\Desktop\Third Year\CSCI 3161\SolarSystem\SolarSystem\SolarSystem.c(28,1): warning C4005: '_CRT_SECURE_NO_WARNINGS': macro redefinition
C:\Users\olivi\Desktop\Third Year\CSCI 3161\SolarSystem\SolarSystem\SolarSystem.c : message : see previous definition of '_CRT_SECURE_NO_WARNINGS'
C:\Users\olivi\Desktop\Third Year\CSCI 3161\SolarSystem\SolarSystem\SolarSystem.c(54,29): warning C4305: 'initializing': truncation from 'double' to 'GLfloat'
C:\Users\olivi\Desktop\Third Year\CSCI 3161\SolarSystem\SolarSystem\SolarSystem.c(81,28): warning C4305: 'initializing': truncation from 'double' to 'GLfloat'
C:\Users\olivi\Desktop\Third Year\CSCI 3161\SolarSystem\SolarSystem\SolarSystem.c(85,28): warning C4305: 'initializing': truncation from 'double' to 'GLfloat'
C:\Users\olivi\Desktop\Third Year\CSCI 3161\SolarSystem\SolarSystem\SolarSystem.c(93,28): warning C4305: 'initializing': truncation from 'double' to 'GLfloat'
C:\Users\olivi\Desktop\Third Year\CSCI 3161\SolarSystem\SolarSystem\SolarSystem.c(97,26): warning C4305: 'initializing': truncation from 'double' to 'GLfloat'
C:\Users\olivi\Desktop\Third Year\CSCI 3161\SolarSystem\SolarSystem\SolarSystem.c(101,24): warning C4305: 'initializing': truncation from 'double' to 'GLfloat'
C:\Users\olivi\Desktop\Third Year\CSCI 3161\SolarSystem\SolarSystem\SolarSystem.c(105,28): warning C4305: 'initializing': truncation from 'double' to 'GLfloat'
C:\Users\olivi\Desktop\Third Year\CSCI 3161\SolarSystem\SolarSystem\SolarSystem.c(109,30): warning C4305: 'initializing': truncation from 'double' to 'GLfloat'
C:\Users\olivi\Desktop\Third Year\CSCI 3161\SolarSystem\SolarSystem\SolarSystem.c(113,28): warning C4305: 'initializing': truncation from 'double' to 'GLfloat'
C:\Users\olivi\Desktop\Third Year\CSCI 3161\SolarSystem\SolarSystem\SolarSystem.c(117,26): warning C4305: 'initializing': truncation from 'double' to 'GLfloat'
C:\Users\olivi\Desktop\Third Year\CSCI 3161\SolarSystem\SolarSystem\SolarSystem.c(136,17): warning C4305: 'function': truncation from 'double' to 'GLfloat'
C:\Users\olivi\Desktop\Third Year\CSCI 3161\SolarSystem\SolarSystem\SolarSystem.c(140,60): warning C4305: '+=': truncation from 'double' to 'GLfloat'
C:\Users\olivi\Desktop\Third Year\CSCI 3161\SolarSystem\SolarSystem\SolarSystem.c(141,55): warning C4244: 'function': conversion from 'double' to 'GLfloat', possible loss of data
C:\Users\olivi\Desktop\Third Year\CSCI 3161\SolarSystem\SolarSystem\SolarSystem.c(141,103): warning C4244: 'function': conversion from 'double' to 'GLfloat', possible loss of data
C:\Users\olivi\Desktop\Third Year\CSCI 3161\SolarSystem\SolarSystem\SolarSystem.c(147,60): warning C4305: '+=': truncation from 'double' to 'GLfloat'
C:\Users\olivi\Desktop\Third Year\CSCI 3161\SolarSystem\SolarSystem\SolarSystem.c(148,59): warning C4244: 'function': conversion from 'double' to 'GLfloat', possible loss of data
C:\Users\olivi\Desktop\Third Year\CSCI 3161\SolarSystem\SolarSystem\SolarSystem.c(148,111): warning C4244: 'function': conversion from 'double' to 'GLfloat', possible loss of data
C:\Users\olivi\Desktop\Third Year\CSCI 3161\SolarSystem\SolarSystem\SolarSystem.c(154,60): warning C4305: '+=': truncation from 'double' to 'GLfloat'
C:\Users\olivi\Desktop\Third Year\CSCI 3161\SolarSystem\SolarSystem\SolarSystem.c(155,59): warning C4244: 'function': conversion from 'double' to 'GLfloat', possible loss of data
C:\Users\olivi\Desktop\Third Year\CSCI 3161\SolarSystem\SolarSystem\SolarSystem.c(155,111): warning C4244: 'function': conversion from 'double' to 'GLfloat', possible loss of data
C:\Users\olivi\Desktop\Third Year\CSCI 3161\SolarSystem\SolarSystem\SolarSystem.c(161,60): warning C4305: '+=': truncation from 'double' to 'GLfloat'
C:\Users\olivi\Desktop\Third Year\CSCI 3161\SolarSystem\SolarSystem\SolarSystem.c(162,57): warning C4244: 'function': conversion from 'double' to 'GLfloat', possible loss of data
C:\Users\olivi\Desktop\Third Year\CSCI 3161\SolarSystem\SolarSystem\SolarSystem.c(162,107): warning C4244: 'function': conversion from 'double' to 'GLfloat', possible loss of data
C:\Users\olivi\Desktop\Third Year\CSCI 3161\SolarSystem\SolarSystem\SolarSystem.c(168,60): warning C4305: '+=': truncation from 'double' to 'GLfloat'
C:\Users\olivi\Desktop\Third Year\CSCI 3161\SolarSystem\SolarSystem\SolarSystem.c(169,55): warning C4244: 'function': conversion from 'double' to 'GLfloat', possible loss of data
C:\Users\olivi\Desktop\Third Year\CSCI 3161\SolarSystem\SolarSystem\SolarSystem.c(169,103): warning C4244: 'function': conversion from 'double' to 'GLfloat', possible loss of data
C:\Users\olivi\Desktop\Third Year\CSCI 3161\SolarSystem\SolarSystem\SolarSystem.c(175,60): warning C4305: '+=': truncation from 'double' to 'GLfloat'
C:\Users\olivi\Desktop\Third Year\CSCI 3161\SolarSystem\SolarSystem\SolarSystem.c(176,59): warning C4244: 'function': conversion from 'double' to 'GLfloat', possible loss of data
C:\Users\olivi\Desktop\Third Year\CSCI 3161\SolarSystem\SolarSystem\SolarSystem.c(176,111): warning C4244: 'function': conversion from 'double' to 'GLfloat', possible loss of data
C:\Users\olivi\Desktop\Third Year\CSCI 3161\SolarSystem\SolarSystem\SolarSystem.c(182,60): warning C4305: '+=': truncation from 'double' to 'GLfloat'
C:\Users\olivi\Desktop\Third Year\CSCI 3161\SolarSystem\SolarSystem\SolarSystem.c(183,61): warning C4244: 'function': conversion from 'double' to 'GLfloat', possible loss of data
C:\Users\olivi\Desktop\Third Year\CSCI 3161\SolarSystem\SolarSystem\SolarSystem.c(183,115): warning C4244: 'function': conversion from 'double' to 'GLfloat', possible loss of data
C:\Users\olivi\Desktop\Third Year\CSCI 3161\SolarSystem\SolarSystem\SolarSystem.c(189,60): warning C4305: '+=': truncation from 'double' to 'GLfloat'
C:\Users\olivi\Desktop\Third Year\CSCI 3161\SolarSystem\SolarSystem\SolarSystem.c(190,59): warning C4244: 'function': conversion from 'double' to 'GLfloat', possible loss of data
C:\Users\olivi\Desktop\Third Year\CSCI 3161\SolarSystem\SolarSystem\SolarSystem.c(190,111): warning C4244: 'function': conversion from 'double' to 'GLfloat', possible loss of data
C:\Users\olivi\Desktop\Third Year\CSCI 3161\SolarSystem\SolarSystem\SolarSystem.c(196,60): warning C4305: '+=': truncation from 'double' to 'GLfloat'
C:\Users\olivi\Desktop\Third Year\CSCI 3161\SolarSystem\SolarSystem\SolarSystem.c(197,57): warning C4244: 'function': conversion from 'double' to 'GLfloat', possible loss of data
C:\Users\olivi\Desktop\Third Year\CSCI 3161\SolarSystem\SolarSystem\SolarSystem.c(197,107): warning C4244: 'function': conversion from 'double' to 'GLfloat', possible loss of data
C:\Users\olivi\Desktop\Third Year\CSCI 3161\SolarSystem\SolarSystem\SolarSystem.c(230,25): warning C4305: 'function': truncation from 'double' to 'GLfloat'
C:\Users\olivi\Desktop\Third Year\CSCI 3161\SolarSystem\SolarSystem\SolarSystem.c(243,25): warning C4305: 'function': truncation from 'double' to 'GLfloat'
C:\Users\olivi\Desktop\Third Year\CSCI 3161\SolarSystem\SolarSystem\SolarSystem.c(262,60): warning C4305: '+=': truncation from 'double' to 'GLfloat'
C:\Users\olivi\Desktop\Third Year\CSCI 3161\SolarSystem\SolarSystem\SolarSystem.c(264,24): warning C4244: 'function': conversion from 'double' to 'GLfloat', possible loss of data
C:\Users\olivi\Desktop\Third Year\CSCI 3161\SolarSystem\SolarSystem\SolarSystem.c(264,41): warning C4244: 'function': conversion from 'double' to 'GLfloat', possible loss of data
C:\Users\olivi\Desktop\Third Year\CSCI 3161\SolarSystem\SolarSystem\SolarSystem.c(280,25): warning C4305: 'function': truncation from 'double' to 'GLfloat'
C:\Users\olivi\Desktop\Third Year\CSCI 3161\SolarSystem\SolarSystem\SolarSystem.c(286,17): warning C4305: 'function': truncation from 'double' to 'GLfloat'
C:\Users\olivi\Desktop\Third Year\CSCI 3161\SolarSystem\SolarSystem\SolarSystem.c(289,61): warning C4305: '+=': truncation from 'double' to 'GLfloat'
C:\Users\olivi\Desktop\Third Year\CSCI 3161\SolarSystem\SolarSystem\SolarSystem.c(290,42): warning C4244: 'function': conversion from 'double' to 'GLfloat', possible loss of data
C:\Users\olivi\Desktop\Third Year\CSCI 3161\SolarSystem\SolarSystem\SolarSystem.c(290,76): warning C4244: 'function': conversion from 'double' to 'GLfloat', possible loss of data
C:\Users\olivi\Desktop\Third Year\CSCI 3161\SolarSystem\SolarSystem\SolarSystem.c(302,25): warning C4305: 'function': truncation from 'double' to 'GLfloat'
C:\Users\olivi\Desktop\Third Year\CSCI 3161\SolarSystem\SolarSystem\SolarSystem.c(316,25): warning C4305: 'function': truncation from 'double' to 'GLfloat'
C:\Users\olivi\Desktop\Third Year\CSCI 3161\SolarSystem\SolarSystem\SolarSystem.c(372,25): warning C4305: 'function': truncation from 'double' to 'GLfloat'
C:\Users\olivi\Desktop\Third Year\CSCI 3161\SolarSystem\SolarSystem\SolarSystem.c(386,25): warning C4305: 'function': truncation from 'double' to 'GLfloat'
C:\Users\olivi\Desktop\Third Year\CSCI 3161\SolarSystem\SolarSystem\SolarSystem.c(391,60): warning C4305: '+=': truncation from 'double' to 'GLfloat'
C:\Users\olivi\Desktop\Third Year\CSCI 3161\SolarSystem\SolarSystem\SolarSystem.c(393,28): warning C4244: 'function': conversion from 'double' to 'GLfloat', possible loss of data
C:\Users\olivi\Desktop\Third Year\CSCI 3161\SolarSystem\SolarSystem\SolarSystem.c(393,49): warning C4244: 'function': conversion from 'double' to 'GLfloat', possible loss of data
C:\Users\olivi\Desktop\Third Year\CSCI 3161\SolarSystem\SolarSystem\SolarSystem.c(443,27): warning C4244: 'function': conversion from 'double' to 'GLfloat', possible loss of data
C:\Users\olivi\Desktop\Third Year\CSCI 3161\SolarSystem\SolarSystem\SolarSystem.c(443,42): warning C4244: 'function': conversion from 'double' to 'GLfloat', possible loss of data
C:\Users\olivi\Desktop\Third Year\CSCI 3161\SolarSystem\SolarSystem\SolarSystem.c(445,36): warning C4244: 'function': conversion from 'double' to 'GLfloat', possible loss of data
C:\Users\olivi\Desktop\Third Year\CSCI 3161\SolarSystem\SolarSystem\SolarSystem.c(445,60): warning C4244: 'function': conversion from 'double' to 'GLfloat', possible loss of data
C:\Users\olivi\Desktop\Third Year\CSCI 3161\SolarSystem\SolarSystem\SolarSystem.c(440,1): warning C4244: 'initializing': conversion from 'double' to 'GLfloat', possible loss of data
C:\Users\olivi\Desktop\Third Year\CSCI 3161\SolarSystem\SolarSystem\SolarSystem.c(560,55): warning C4244: 'function': conversion from 'double' to 'GLfloat', possible loss of data
C:\Users\olivi\Desktop\Third Year\CSCI 3161\SolarSystem\SolarSystem\SolarSystem.c(572,17): warning C4305: 'function': truncation from 'double' to 'GLfloat'
C:\Users\olivi\Desktop\Third Year\CSCI 3161\SolarSystem\SolarSystem\SolarSystem.c(572,23): warning C4305: 'function': truncation from 'double' to 'GLfloat'
C:\Users\olivi\Desktop\Third Year\CSCI 3161\SolarSystem\SolarSystem\SolarSystem.c(572,29): warning C4305: 'function': truncation from 'double' to 'GLfloat'
C:\Users\olivi\Desktop\Third Year\CSCI 3161\SolarSystem\SolarSystem\SolarSystem.c(572,34): warning C4305: 'function': truncation from 'double' to 'GLfloat'
C:\Users\olivi\Desktop\Third Year\CSCI 3161\SolarSystem\SolarSystem\SolarSystem.c(625,17): warning C4305: '+=': truncation from 'double' to 'GLfloat'
C:\Users\olivi\Desktop\Third Year\CSCI 3161\SolarSystem\SolarSystem\SolarSystem.c(629,17): warning C4305: '-=': truncation from 'double' to 'GLfloat'
C:\Users\olivi\Desktop\Third Year\CSCI 3161\SolarSystem\SolarSystem\SolarSystem.c(633,17): warning C4305: '-=': truncation from 'double' to 'GLfloat'
C:\Users\olivi\Desktop\Third Year\CSCI 3161\SolarSystem\SolarSystem\SolarSystem.c(637,17): warning C4305: '+=': truncation from 'double' to 'GLfloat'
C:\Users\olivi\Desktop\Third Year\CSCI 3161\SolarSystem\SolarSystem\SolarSystem.c(641,17): warning C4305: '-=': truncation from 'double' to 'GLfloat'
C:\Users\olivi\Desktop\Third Year\CSCI 3161\SolarSystem\SolarSystem\SolarSystem.c(645,17): warning C4305: '+=': truncation from 'double' to 'GLfloat'
C:\Users\olivi\Desktop\Third Year\CSCI 3161\SolarSystem\SolarSystem\SolarSystem.c(766,25): warning C4305: 'function': truncation from 'double' to 'GLclampf'
C:\Users\olivi\Desktop\Third Year\CSCI 3161\SolarSystem\SolarSystem\SolarSystem.c(796,21): warning C4113: 'void (__cdecl *)()' differs in parameter lists from 'void (__cdecl *)(void)'
C:\Users\olivi\Desktop\Third Year\CSCI 3161\SolarSystem\SolarSystem\SolarSystem.c(797,29): warning C4113: 'void (__cdecl *)(unsigned char)' differs in parameter lists from 'void (__cdecl *)(unsigned char,int,int)'
C:\Users\olivi\Desktop\Third Year\CSCI 3161\SolarSystem\SolarSystem\SolarSystem.c(798,29): warning C4113: 'void (__cdecl *)(unsigned char)' differs in parameter lists from 'void (__cdecl *)(int,int,int)'
C:\Users\olivi\Desktop\Third Year\CSCI 3161\SolarSystem\SolarSystem\SolarSystem.c(808,81): warning C4244: 'function': conversion from 'double' to 'float', possible loss of data
  SolarSystem.vcxproj -> C:\Users\olivi\Desktop\Third Year\CSCI 3161\SolarSystem\SolarSystem\Debug\SolarSystem.exe
